<?xml version="1.0" encoding="UTF-8"?>
<testsuite name="RegisterStaffSystemTests" tests="6" skipped="0" failures="0" errors="0" timestamp="2023-04-04T18:53:17" hostname="LAPTOP-NA7I6PLD" time="1.665">
  <properties/>
  <testcase name="RegisterValidStaff()" classname="RegisterStaffSystemTests" time="0.427"/>
  <testcase name="RegisterStaffNoEmail()" classname="RegisterStaffSystemTests" time="0.183"/>
  <testcase name="RegisterStaffWithSameEmail()" classname="RegisterStaffSystemTests" time="0.412"/>
  <testcase name="RegisterStaffNoPassword()" classname="RegisterStaffSystemTests" time="0.178"/>
  <testcase name="RegisterStaffNoSecret()" classname="RegisterStaffSystemTests" time="0.131"/>
  <testcase name="RegisterUserLoggedIn()" classname="RegisterStaffSystemTests" time="0.331"/>
  <system-out><![CDATA[RegisterValidStaff()
2023-04-04 19:53:17.642 [Test worker] INFO  com.graphhopper.GraphHopper - version 6.0|2022-09-13T08:51:05Z (9,21,6,5,2,9)
2023-04-04 19:53:17.642 [Test worker] INFO  com.graphhopper.GraphHopper - graph car,bike,foot,wheelchair|RAM_STORE|2D|no_turn_cost|nodes:9,edges:21,geometry:6,location_index:5,string_index:2,nodesCH:0,shortcuts:9, details:edges: 1?462?191(56MB), nodes: 1?211?545(14MB), bounds: -8.584882,9.9755886,50.1188907,62.0079024, name:(3MB), geo:6?665?024(26MB)
?[32mRegisterStaffCommand({password=***, email=basedBadger@gmail.com}) => REGISTER_STAFF_SUCCESS?[0m
?[32mRegisterStaffCommand({password=***, email=basedBadger@gmail.com}) => USER_LOGIN_SUCCESS?[0m
---
RegisterStaffNoEmail()
2023-04-04 19:53:18.076 [Test worker] INFO  com.graphhopper.GraphHopper - version 6.0|2022-09-13T08:51:05Z (9,21,6,5,2,9)
2023-04-04 19:53:18.076 [Test worker] INFO  com.graphhopper.GraphHopper - graph car,bike,foot,wheelchair|RAM_STORE|2D|no_turn_cost|nodes:9,edges:21,geometry:6,location_index:5,string_index:2,nodesCH:0,shortcuts:9, details:edges: 1?462?191(56MB), nodes: 1?211?545(14MB), bounds: -8.584882,9.9755886,50.1188907,62.0079024, name:(3MB), geo:6?665?024(26MB)
?[33mRegisterStaffCommand({password=***, secret=***, email=}) => USER_REGISTER_FIELDS_CANNOT_BE_NULL?[0m
---
RegisterStaffWithSameEmail()
2023-04-04 19:53:18.244 [Test worker] INFO  com.graphhopper.GraphHopper - version 6.0|2022-09-13T08:51:05Z (9,21,6,5,2,9)
2023-04-04 19:53:18.244 [Test worker] INFO  com.graphhopper.GraphHopper - graph car,bike,foot,wheelchair|RAM_STORE|2D|no_turn_cost|nodes:9,edges:21,geometry:6,location_index:5,string_index:2,nodesCH:0,shortcuts:9, details:edges: 1?462?191(56MB), nodes: 1?211?545(14MB), bounds: -8.584882,9.9755886,50.1188907,62.0079024, name:(3MB), geo:6?665?024(26MB)
?[32mRegisterStaffCommand({password=***, email=basedBadger@gmail.com}) => REGISTER_STAFF_SUCCESS?[0m
?[32mRegisterStaffCommand({password=***, email=basedBadger@gmail.com}) => USER_LOGIN_SUCCESS?[0m
?[32mLogoutCommand => USER_LOGOUT_SUCCESS?[0m
?[33mRegisterStaffCommand({email=basedBadger@gmail.com}) => USER_REGISTER_EMAIL_ALREADY_REGISTERED?[0m
---
RegisterStaffNoPassword()
2023-04-04 19:53:18.667 [Test worker] INFO  com.graphhopper.GraphHopper - version 6.0|2022-09-13T08:51:05Z (9,21,6,5,2,9)
2023-04-04 19:53:18.667 [Test worker] INFO  com.graphhopper.GraphHopper - graph car,bike,foot,wheelchair|RAM_STORE|2D|no_turn_cost|nodes:9,edges:21,geometry:6,location_index:5,string_index:2,nodesCH:0,shortcuts:9, details:edges: 1?462?191(56MB), nodes: 1?211?545(14MB), bounds: -8.584882,9.9755886,50.1188907,62.0079024, name:(3MB), geo:6?665?024(26MB)
?[33mRegisterStaffCommand({password=***, secret=***, email=scoobydoo@gmail.com}) => USER_REGISTER_FIELDS_CANNOT_BE_NULL?[0m
---
RegisterStaffNoSecret()
2023-04-04 19:53:18.799 [Test worker] INFO  com.graphhopper.GraphHopper - version 6.0|2022-09-13T08:51:05Z (9,21,6,5,2,9)
2023-04-04 19:53:18.800 [Test worker] INFO  com.graphhopper.GraphHopper - graph car,bike,foot,wheelchair|RAM_STORE|2D|no_turn_cost|nodes:9,edges:21,geometry:6,location_index:5,string_index:2,nodesCH:0,shortcuts:9, details:edges: 1?462?191(56MB), nodes: 1?211?545(14MB), bounds: -8.584882,9.9755886,50.1188907,62.0079024, name:(3MB), geo:6?665?024(26MB)
?[33mRegisterStaffCommand({password=***, secret=***, email=scoobydoo@gmail.com}) => USER_REGISTER_FIELDS_CANNOT_BE_NULL?[0m
---
RegisterUserLoggedIn()
2023-04-04 19:53:18.891 [Test worker] INFO  com.graphhopper.GraphHopper - version 6.0|2022-09-13T08:51:05Z (9,21,6,5,2,9)
2023-04-04 19:53:18.892 [Test worker] INFO  com.graphhopper.GraphHopper - graph car,bike,foot,wheelchair|RAM_STORE|2D|no_turn_cost|nodes:9,edges:21,geometry:6,location_index:5,string_index:2,nodesCH:0,shortcuts:9, details:edges: 1?462?191(56MB), nodes: 1?211?545(14MB), bounds: -8.584882,9.9755886,50.1188907,62.0079024, name:(3MB), geo:6?665?024(26MB)
?[32mRegisterStaffCommand({password=***, email=bring-in-the-cash@pawsforawwws.org}) => REGISTER_STAFF_SUCCESS?[0m
?[32mRegisterStaffCommand({password=***, email=bring-in-the-cash@pawsforawwws.org}) => USER_LOGIN_SUCCESS?[0m
?[33mRegisterConsumerCommand({currentUser=Staff}) => USER_REGISTER_LOGGED_IN?[0m
---
]]></system-out>
  <system-err><![CDATA[]]></system-err>
</testsuite>
